whats up
whats up
no
yes
dddd
bnm
ncjndcjnc
lclkeokcekocec
cecececec
sdsd dcece eded
wikipedia
google
joke
play some music














why you
john
another joke
check my calendar for tomorrow
my canned













what is my name
for media





greeted with
get the weather








which


oh media

ali





we'll meet you
oh you
a homemade you
media
oh media
helicopters helicopters


see it's letterman


initiate


skip
ah no

stop


megan
featured

advertisement
what do you think about any here
good day a
good day a
as
what's the deal
ali
media
oh media
huh
shadow
oh
both jarvis
the you
you
jos
though
no
kelly
and know
she
kill okay with me
as
no
ali er
religion
what's your purchase
yeah this
job lives on now that he did they get a job but as with tears
what's that type



as
holy
sure
yes
what's that
i don't know what you're talking about
john show me your money
that
whoa you
see lo
take it
hello the
or today's date
hell
yeah
